\BOOKMARK [0][-]{cover.0}{NJU Cover}{}% 1
\BOOKMARK [0][-]{abstract.0}{摘　要}{}% 2
\BOOKMARK [0][-]{englishabstract.0}{Abstract}{}% 3
\BOOKMARK [0][-]{chapter*.1}{目 \040录}{}% 4
\BOOKMARK [0][-]{chapter*.2}{表 \040目 \040录}{}% 5
\BOOKMARK [0][-]{chapter*.3}{图 \040目 \040录}{}% 6
\BOOKMARK [0][-]{chapter.1}{第一章 \040引言}{}% 7
\BOOKMARK [1][-]{section.1.1}{1.1 项目背景}{chapter.1}% 8
\BOOKMARK [1][-]{section.1.2}{1.2 图数据库发展现状}{chapter.1}% 9
\BOOKMARK [2][-]{subsection.1.2.1}{1.2.1 主流图数据库}{section.1.2}% 10
\BOOKMARK [2][-]{subsection.1.2.2}{1.2.2 图数据库存储特点}{section.1.2}% 11
\BOOKMARK [1][-]{section.1.3}{1.3 论文主要工作}{chapter.1}% 12
\BOOKMARK [1][-]{section.1.4}{1.4 论文组织结构}{chapter.1}% 13
\BOOKMARK [0][-]{chapter.2}{第二章 \040技术综述}{}% 14
\BOOKMARK [1][-]{section.2.1}{2.1 Log-Structured Merge-Tree数据结构}{chapter.2}% 15
\BOOKMARK [1][-]{section.2.2}{2.2 Raft一致性协议}{chapter.2}% 16
\BOOKMARK [2][-]{subsection.2.2.1}{2.2.1 Raft概念}{section.2.2}% 17
\BOOKMARK [2][-]{subsection.2.2.2}{2.2.2 Raft的特点}{section.2.2}% 18
\BOOKMARK [2][-]{subsection.2.2.3}{2.2.3 Raft的选举}{section.2.2}% 19
\BOOKMARK [2][-]{subsection.2.2.4}{2.2.4 Raft的日志复制}{section.2.2}% 20
\BOOKMARK [1][-]{section.2.3}{2.3 Zookeeper}{chapter.2}% 21
\BOOKMARK [1][-]{section.2.4}{2.4 Docker}{chapter.2}% 22
\BOOKMARK [1][-]{section.2.5}{2.5 Kubernetes}{chapter.2}% 23
\BOOKMARK [1][-]{section.2.6}{2.6 本章小结}{chapter.2}% 24
\BOOKMARK [0][-]{chapter.3}{第三章 \040StellarDB及其存储模块设计说明}{}% 25
\BOOKMARK [1][-]{section.3.1}{3.1 StellarDB架构}{chapter.3}% 26
\BOOKMARK [2][-]{subsection.3.1.1}{3.1.1 存储引擎}{section.3.1}% 27
\BOOKMARK [2][-]{subsection.3.1.2}{3.1.2 计算引擎}{section.3.1}% 28
\BOOKMARK [2][-]{subsection.3.1.3}{3.1.3 扩展OpenCypher}{section.3.1}% 29
\BOOKMARK [2][-]{subsection.3.1.4}{3.1.4 可视化引擎}{section.3.1}% 30
\BOOKMARK [2][-]{subsection.3.1.5}{3.1.5 其他模块}{section.3.1}% 31
\BOOKMARK [1][-]{section.3.2}{3.2 StellarDB存储模块功能与协作}{chapter.3}% 32
\BOOKMARK [1][-]{section.3.3}{3.3 StellarDB存储模块内部设计简述}{chapter.3}% 33
\BOOKMARK [1][-]{section.3.4}{3.4 LSM树的基本维护方式}{chapter.3}% 34
\BOOKMARK [1][-]{section.3.5}{3.5 优化模拟测试程序功能}{chapter.3}% 35
\BOOKMARK [2][-]{subsection.3.5.1}{3.5.1 目标}{section.3.5}% 36
\BOOKMARK [2][-]{subsection.3.5.2}{3.5.2 功能设计}{section.3.5}% 37
\BOOKMARK [1][-]{section.3.6}{3.6 优化模拟测试程序的设计与实现}{chapter.3}% 38
\BOOKMARK [2][-]{subsection.3.6.1}{3.6.1 Driver类}{section.3.6}% 39
\BOOKMARK [2][-]{subsection.3.6.2}{3.6.2 DB类}{section.3.6}% 40
\BOOKMARK [2][-]{subsection.3.6.3}{3.6.3 Record类与Segment类}{section.3.6}% 41
\BOOKMARK [2][-]{subsection.3.6.4}{3.6.4 FileMeta类}{section.3.6}% 42
\BOOKMARK [2][-]{subsection.3.6.5}{3.6.5 VersionSet类与Version类}{section.3.6}% 43
\BOOKMARK [2][-]{subsection.3.6.6}{3.6.6 Bus类}{section.3.6}% 44
\BOOKMARK [2][-]{subsection.3.6.7}{3.6.7 FlushHandler接口与FlushExecutor接口}{section.3.6}% 45
\BOOKMARK [2][-]{subsection.3.6.8}{3.6.8 CompactionHandler接口与CompactionExecutor类}{section.3.6}% 46
\BOOKMARK [1][-]{section.3.7}{3.7 本章小结}{chapter.3}% 47
\BOOKMARK [0][-]{chapter.4}{第四章 \040性能优化详细设计实现与结果展示}{}% 48
\BOOKMARK [1][-]{section.4.1}{4.1 性能问题说明}{chapter.4}% 49
\BOOKMARK [1][-]{section.4.2}{4.2 性能问题分析}{chapter.4}% 50
\BOOKMARK [2][-]{subsection.4.2.1}{4.2.1 基于简略的性能数据的问题分析}{section.4.2}% 51
\BOOKMARK [2][-]{subsection.4.2.2}{4.2.2 基于完善的性能数据的问题分析}{section.4.2}% 52
\BOOKMARK [1][-]{section.4.3}{4.3 问题解决思路}{chapter.4}% 53
\BOOKMARK [1][-]{section.4.4}{4.4 算法优化设计}{chapter.4}% 54
\BOOKMARK [2][-]{subsection.4.4.1}{4.4.1 分片数的设置}{section.4.4}% 55
\BOOKMARK [2][-]{subsection.4.4.2}{4.4.2 分片的主键分割点问题}{section.4.4}% 56
\BOOKMARK [2][-]{subsection.4.4.3}{4.4.3 compaction是否需要针对分割点具体优化}{section.4.4}% 57
\BOOKMARK [1][-]{section.4.5}{4.5 算法优化实现}{chapter.4}% 58
\BOOKMARK [2][-]{subsection.4.5.1}{4.5.1 Flush算法前后对比}{section.4.5}% 59
\BOOKMARK [2][-]{subsection.4.5.2}{4.5.2 Compaction算法前后对比}{section.4.5}% 60
\BOOKMARK [1][-]{section.4.6}{4.6 StellarDB对比测试}{chapter.4}% 61
\BOOKMARK [2][-]{subsection.4.6.1}{4.6.1 测试环境}{section.4.6}% 62
\BOOKMARK [2][-]{subsection.4.6.2}{4.6.2 测试目标与测试方案}{section.4.6}% 63
\BOOKMARK [2][-]{subsection.4.6.3}{4.6.3 测试结果：LEG}{section.4.6}% 64
\BOOKMARK [2][-]{subsection.4.6.4}{4.6.4 测试结果：EXP1}{section.4.6}% 65
\BOOKMARK [2][-]{subsection.4.6.5}{4.6.5 测试结果：EXP2}{section.4.6}% 66
\BOOKMARK [2][-]{subsection.4.6.6}{4.6.6 测试结果：EXP3}{section.4.6}% 67
\BOOKMARK [2][-]{subsection.4.6.7}{4.6.7 测试结果：EXP4}{section.4.6}% 68
\BOOKMARK [2][-]{subsection.4.6.8}{4.6.8 测试结果：EXP5}{section.4.6}% 69
\BOOKMARK [2][-]{subsection.4.6.9}{4.6.9 测试结果：EXP6}{section.4.6}% 70
\BOOKMARK [2][-]{subsection.4.6.10}{4.6.10 分析总结}{section.4.6}% 71
\BOOKMARK [1][-]{section.4.7}{4.7 模拟程序对比测试}{chapter.4}% 72
\BOOKMARK [2][-]{subsection.4.7.1}{4.7.1 测试环境}{section.4.7}% 73
\BOOKMARK [2][-]{subsection.4.7.2}{4.7.2 测试目标与测试方案}{section.4.7}% 74
\BOOKMARK [2][-]{subsection.4.7.3}{4.7.3 测试变量：是否采用优化算法}{section.4.7}% 75
\BOOKMARK [2][-]{subsection.4.7.4}{4.7.4 测试变量：模拟数据插入顺序}{section.4.7}% 76
\BOOKMARK [2][-]{subsection.4.7.5}{4.7.5 测试结果}{section.4.7}% 77
\BOOKMARK [1][-]{section.4.8}{4.8 本章小结}{chapter.4}% 78
\BOOKMARK [0][-]{chapter.5}{第五章 \040总结与展望}{}% 79
\BOOKMARK [1][-]{section.5.1}{5.1 总结}{chapter.5}% 80
\BOOKMARK [1][-]{section.5.2}{5.2 展望}{chapter.5}% 81
\BOOKMARK [0][-]{chapter*.4}{参考文献}{}% 82
\BOOKMARK [0][-]{chapter*.5}{致 \040谢}{}% 83
